<?xml version="1.0" encoding="UTF-8"?>
<!-- Generated by org.testng.reporters.JUnitReportReporter -->
<testsuite skipped="0" hostname="E5570" name="org.example.TestSuite" tests="1" failures="0" timestamp="2021-07-30T21:35:45 BST" time="10.975" errors="0">
  <testcase name="user_Able_To_Open_ASDA_Website" time="10.975" classname="org.example.TestSuite"/>
  <system-out/>
</testsuite> <!-- org.example.TestSuite -->
